Using pre-set license
Built from '2020.2/release' branch; Version is '2020.2.0f1 (3721df5a8b28) revision 3613151'; Using compiler version '192528614'; Build Type 'Release'
OS: 'Windows 10  (10.0.0) 64bit' Language: 'en' Physical Memory: 12109 MB
BatchMode: 1, IsHumanControllingUs: 0, StartBugReporterOnCrash: 0, Is64bit: 1, IsPro: 0

 COMMAND LINE ARGUMENTS:
C:\Program Files\Unity\Hub\Editor\2020.2.0f1\Editor\Unity.exe
-adb2
-batchMode
-noUpm
-name
AssetImportWorker0
-projectPath
C:/Users/Admin PC/Desktop/GAME3110_Lab1/StreamingDataLab-main/StreamingDataLab
-logFile
Logs/AssetImportWorker0.log
-srvPort
53186
Successfully changed project path to: C:/Users/Admin PC/Desktop/GAME3110_Lab1/StreamingDataLab-main/StreamingDataLab
C:/Users/Admin PC/Desktop/GAME3110_Lab1/StreamingDataLab-main/StreamingDataLab
Using Asset Import Pipeline V2.
Refreshing native plugins compatible for Editor in 47.97 ms, found 1 plugins.
Preloading 0 native plugins for Editor in 0.00 ms.
Initialize engine version: 2020.2.0f1 (3721df5a8b28)
[Subsystems] Discovering subsystems at path C:/Program Files/Unity/Hub/Editor/2020.2.0f1/Editor/Data/Resources/UnitySubsystems
[Subsystems] Discovering subsystems at path C:/Users/Admin PC/Desktop/GAME3110_Lab1/StreamingDataLab-main/StreamingDataLab/Assets
GfxDevice: creating device client; threaded=0
Direct3D:
    Version:  Direct3D 11.0 [level 11.0]
    Renderer: NVIDIA GeForce GTX 745 (ID=0x1382)
    Vendor:   
    VRAM:     4053 MB
    Driver:   30.0.14.7196
Initialize mono
Mono path[0] = 'C:/Program Files/Unity/Hub/Editor/2020.2.0f1/Editor/Data/Managed'
Mono path[1] = 'C:/Program Files/Unity/Hub/Editor/2020.2.0f1/Editor/Data/MonoBleedingEdge/lib/mono/unityjit'
Mono config path = 'C:/Program Files/Unity/Hub/Editor/2020.2.0f1/Editor/Data/MonoBleedingEdge/etc'
Using monoOptions --debugger-agent=transport=dt_socket,embedding=1,server=y,suspend=n,address=127.0.0.1:56424
Begin MonoManager ReloadAssembly
Registering precompiled unity dll's ...
Register platform support module: C:/Program Files/Unity/Hub/Editor/2020.2.0f1/Editor/Data/PlaybackEngines/WindowsStandaloneSupport/UnityEditor.WindowsStandalone.Extensions.dll
Registered in 0.002755 seconds.
Native extension for WindowsStandalone target not found
Refreshing native plugins compatible for Editor in 41.00 ms, found 1 plugins.
Preloading 0 native plugins for Editor in 0.00 ms.
Invoked RoslynAnalysisRunner static constructor.
RoslynAnalysisRunner will not be running.
RoslynAnalysisRunner has terminated.
Mono: successfully reloaded assembly
- Completed reload, in  2.367 seconds
Platform modules already initialized, skipping
Registering precompiled user dll's ...
Registered in 0.001165 seconds.
Begin MonoManager ReloadAssembly
Native extension for WindowsStandalone target not found
Refreshing native plugins compatible for Editor in 41.04 ms, found 1 plugins.
Preloading 0 native plugins for Editor in 0.00 ms.
Invoked RoslynAnalysisRunner static constructor.
RoslynAnalysisRunner will not be running.
RoslynAnalysisRunner has terminated.
Mono: successfully reloaded assembly
- Completed reload, in  1.074 seconds
Platform modules already initialized, skipping
========================================================================
Worker process is ready to serve import requests
Launched and connected shader compiler UnityShaderCompiler.exe after 0.06 seconds
Refreshing native plugins compatible for Editor in 0.66 ms, found 1 plugins.
Preloading 0 native plugins for Editor in 0.00 ms.
Unloading 1790 Unused Serialized files (Serialized files now loaded: 0)
System memory in use before: 84.3 MB.
System memory in use after: 84.2 MB.

Unloading 24 unused Assets to reduce memory usage. Loaded Objects now: 2230.
Total: 3.024500 ms (FindLiveObjects: 0.497200 ms CreateObjectMapping: 0.163300 ms MarkObjects: 2.137500 ms  DeleteObjects: 0.225200 ms)

========================================================================
Received Import Request.
  path: Assets/PartyIndicesAndNames.txt
  artifactKey: Guid(0ab717c9bbcef5d45b6b8a6df375ff37) Importer(815301076,1909f56bfc062723c751e8b465ee728b)
Start importing Assets/PartyIndicesAndNames.txt using Guid(0ab717c9bbcef5d45b6b8a6df375ff37) Importer(815301076,1909f56bfc062723c751e8b465ee728b)  -> (artifact id: '87668d7408e0262ceab0010ba23b0430') in 0.067857 seconds
  Import took 0.093107 seconds .

========================================================================
Received Import Request.
  Time since last request: 0.000421 seconds.
  path: Assets/1.txt
  artifactKey: Guid(03c943a9a02218b47a96ce0b85b14a4d) Importer(815301076,1909f56bfc062723c751e8b465ee728b)
Start importing Assets/1.txt using Guid(03c943a9a02218b47a96ce0b85b14a4d) Importer(815301076,1909f56bfc062723c751e8b465ee728b)  -> (artifact id: 'f87c9f891a24f6c3f8c7c8b3ecb4cb52') in 0.007542 seconds
  Import took 0.011020 seconds .

========================================================================
Received Prepare
Registering precompiled user dll's ...
Registered in 0.001304 seconds.
Begin MonoManager ReloadAssembly
Native extension for WindowsStandalone target not found
Refreshing native plugins compatible for Editor in 0.38 ms, found 1 plugins.
Preloading 0 native plugins for Editor in 0.00 ms.
Invoked RoslynAnalysisRunner static constructor.
RoslynAnalysisRunner will not be running.
RoslynAnalysisRunner has terminated.
Mono: successfully reloaded assembly
- Completed reload, in  0.996 seconds
Platform modules already initialized, skipping
Refreshing native plugins compatible for Editor in 0.37 ms, found 1 plugins.
Preloading 0 native plugins for Editor in 0.00 ms.
Unloading 1785 Unused Serialized files (Serialized files now loaded: 0)
System memory in use before: 84.3 MB.
System memory in use after: 84.3 MB.

Unloading 12 unused Assets to reduce memory usage. Loaded Objects now: 2233.
Total: 2.309800 ms (FindLiveObjects: 0.220800 ms CreateObjectMapping: 0.072200 ms MarkObjects: 1.889500 ms  DeleteObjects: 0.126000 ms)

========================================================================
Received Prepare
Registering precompiled user dll's ...
Registered in 0.001183 seconds.
Begin MonoManager ReloadAssembly
Native extension for WindowsStandalone target not found
Refreshing native plugins compatible for Editor in 0.51 ms, found 1 plugins.
Preloading 0 native plugins for Editor in 0.00 ms.
Invoked RoslynAnalysisRunner static constructor.
RoslynAnalysisRunner will not be running.
RoslynAnalysisRunner has terminated.
Mono: successfully reloaded assembly
- Completed reload, in  1.174 seconds
Platform modules already initialized, skipping
Refreshing native plugins compatible for Editor in 0.46 ms, found 1 plugins.
Preloading 0 native plugins for Editor in 0.00 ms.
Unloading 1785 Unused Serialized files (Serialized files now loaded: 0)
System memory in use before: 84.4 MB.
System memory in use after: 84.4 MB.

Unloading 12 unused Assets to reduce memory usage. Loaded Objects now: 2236.
Total: 3.257500 ms (FindLiveObjects: 0.361700 ms CreateObjectMapping: 0.132600 ms MarkObjects: 2.626300 ms  DeleteObjects: 0.134900 ms)

========================================================================
Received Import Request.
  Time since last request: 917.135160 seconds.
  path: Assets/PartyIndicesAndNames.txt
  artifactKey: Guid(0ab717c9bbcef5d45b6b8a6df375ff37) Importer(815301076,1909f56bfc062723c751e8b465ee728b)
Start importing Assets/PartyIndicesAndNames.txt using Guid(0ab717c9bbcef5d45b6b8a6df375ff37) Importer(815301076,1909f56bfc062723c751e8b465ee728b)  -> (artifact id: 'c30d62b589b7e7e50af9849e5f3b79b1') in 0.023485 seconds
  Import took 0.042898 seconds .

========================================================================
Received Import Request.
  Time since last request: 26.671859 seconds.
  path: Assets/PartyIndicesAndNames.txt
  artifactKey: Guid(0ab717c9bbcef5d45b6b8a6df375ff37) Importer(815301076,1909f56bfc062723c751e8b465ee728b)
Start importing Assets/PartyIndicesAndNames.txt using Guid(0ab717c9bbcef5d45b6b8a6df375ff37) Importer(815301076,1909f56bfc062723c751e8b465ee728b)  -> (artifact id: 'a169ee7f2f98da84346d7037b389b213') in 0.008688 seconds
  Import took 0.019901 seconds .

========================================================================
Received Import Request.
  Time since last request: 5.639809 seconds.
  path: Assets/PartyIndicesAndNames.txt
  artifactKey: Guid(0ab717c9bbcef5d45b6b8a6df375ff37) Importer(815301076,1909f56bfc062723c751e8b465ee728b)
Start importing Assets/PartyIndicesAndNames.txt using Guid(0ab717c9bbcef5d45b6b8a6df375ff37) Importer(815301076,1909f56bfc062723c751e8b465ee728b)  -> (artifact id: '2c804ccd0b5f23b9c1c964c8b9cfbb08') in 0.009534 seconds
  Import took 0.016713 seconds .

========================================================================
Received Prepare
Registering precompiled user dll's ...
Registered in 0.001263 seconds.
Begin MonoManager ReloadAssembly
Native extension for WindowsStandalone target not found
Refreshing native plugins compatible for Editor in 0.53 ms, found 1 plugins.
Preloading 0 native plugins for Editor in 0.00 ms.
Invoked RoslynAnalysisRunner static constructor.
RoslynAnalysisRunner will not be running.
RoslynAnalysisRunner has terminated.
Mono: successfully reloaded assembly
- Completed reload, in  0.925 seconds
Platform modules already initialized, skipping
Refreshing native plugins compatible for Editor in 0.41 ms, found 1 plugins.
Preloading 0 native plugins for Editor in 0.00 ms.
Unloading 1785 Unused Serialized files (Serialized files now loaded: 0)
System memory in use before: 84.5 MB.
System memory in use after: 84.5 MB.

Unloading 12 unused Assets to reduce memory usage. Loaded Objects now: 2239.
Total: 2.662600 ms (FindLiveObjects: 0.278700 ms CreateObjectMapping: 0.089400 ms MarkObjects: 2.108700 ms  DeleteObjects: 0.184400 ms)

========================================================================
Received Prepare
Registering precompiled user dll's ...
Registered in 0.001158 seconds.
Begin MonoManager ReloadAssembly
Native extension for WindowsStandalone target not found
Refreshing native plugins compatible for Editor in 0.42 ms, found 1 plugins.
Preloading 0 native plugins for Editor in 0.00 ms.
Invoked RoslynAnalysisRunner static constructor.
RoslynAnalysisRunner will not be running.
RoslynAnalysisRunner has terminated.
Mono: successfully reloaded assembly
- Completed reload, in  0.863 seconds
Platform modules already initialized, skipping
Refreshing native plugins compatible for Editor in 0.40 ms, found 1 plugins.
Preloading 0 native plugins for Editor in 0.00 ms.
Unloading 1785 Unused Serialized files (Serialized files now loaded: 0)
System memory in use before: 84.6 MB.
System memory in use after: 84.6 MB.

Unloading 12 unused Assets to reduce memory usage. Loaded Objects now: 2242.
Total: 2.239700 ms (FindLiveObjects: 0.322900 ms CreateObjectMapping: 0.142200 ms MarkObjects: 1.616400 ms  DeleteObjects: 0.156500 ms)

========================================================================
Received Import Request.
  Time since last request: 158.173066 seconds.
  path: Assets/1.txt
  artifactKey: Guid(03c943a9a02218b47a96ce0b85b14a4d) Importer(815301076,1909f56bfc062723c751e8b465ee728b)
Start importing Assets/1.txt using Guid(03c943a9a02218b47a96ce0b85b14a4d) Importer(815301076,1909f56bfc062723c751e8b465ee728b)  -> (artifact id: '8af74ae2d9e6ad990dab399897eab16b') in 0.017237 seconds
  Import took 0.035821 seconds .

========================================================================
Received Prepare
Registering precompiled user dll's ...
Registered in 0.001197 seconds.
Begin MonoManager ReloadAssembly
Native extension for WindowsStandalone target not found
Refreshing native plugins compatible for Editor in 0.36 ms, found 1 plugins.
Preloading 0 native plugins for Editor in 0.00 ms.
Invoked RoslynAnalysisRunner static constructor.
RoslynAnalysisRunner will not be running.
RoslynAnalysisRunner has terminated.
Mono: successfully reloaded assembly
- Completed reload, in  0.901 seconds
Platform modules already initialized, skipping
Refreshing native plugins compatible for Editor in 0.40 ms, found 1 plugins.
Preloading 0 native plugins for Editor in 0.00 ms.
Unloading 1785 Unused Serialized files (Serialized files now loaded: 0)
System memory in use before: 84.7 MB.
System memory in use after: 84.7 MB.

Unloading 12 unused Assets to reduce memory usage. Loaded Objects now: 2245.
Total: 3.714300 ms (FindLiveObjects: 0.332200 ms CreateObjectMapping: 0.121700 ms MarkObjects: 3.061600 ms  DeleteObjects: 0.197200 ms)

========================================================================
Received Prepare
Registering precompiled user dll's ...
Registered in 0.001192 seconds.
Begin MonoManager ReloadAssembly
Native extension for WindowsStandalone target not found
Refreshing native plugins compatible for Editor in 0.36 ms, found 1 plugins.
Preloading 0 native plugins for Editor in 0.00 ms.
Invoked RoslynAnalysisRunner static constructor.
RoslynAnalysisRunner will not be running.
RoslynAnalysisRunner has terminated.
Mono: successfully reloaded assembly
- Completed reload, in  1.082 seconds
Platform modules already initialized, skipping
Refreshing native plugins compatible for Editor in 0.36 ms, found 1 plugins.
Preloading 0 native plugins for Editor in 0.00 ms.
Unloading 1785 Unused Serialized files (Serialized files now loaded: 0)
System memory in use before: 84.7 MB.
System memory in use after: 84.7 MB.

Unloading 12 unused Assets to reduce memory usage. Loaded Objects now: 2248.
Total: 1.984100 ms (FindLiveObjects: 0.242200 ms CreateObjectMapping: 0.074900 ms MarkObjects: 1.531300 ms  DeleteObjects: 0.134600 ms)

========================================================================
Received Import Request.
  Time since last request: 249.666393 seconds.
  path: Assets/PartyIndicesAndNames.txt
  artifactKey: Guid(0ab717c9bbcef5d45b6b8a6df375ff37) Importer(815301076,1909f56bfc062723c751e8b465ee728b)
Start importing Assets/PartyIndicesAndNames.txt using Guid(0ab717c9bbcef5d45b6b8a6df375ff37) Importer(815301076,1909f56bfc062723c751e8b465ee728b)  -> (artifact id: 'd99f3c789d7cd9f975ce2c05b60d9289') in 0.019668 seconds
  Import took 0.037461 seconds .

========================================================================
Received Prepare
Registering precompiled user dll's ...
Registered in 0.001255 seconds.
Begin MonoManager ReloadAssembly
Native extension for WindowsStandalone target not found
Refreshing native plugins compatible for Editor in 0.41 ms, found 1 plugins.
Preloading 0 native plugins for Editor in 0.00 ms.
Invoked RoslynAnalysisRunner static constructor.
RoslynAnalysisRunner will not be running.
RoslynAnalysisRunner has terminated.
Mono: successfully reloaded assembly
- Completed reload, in  0.873 seconds
Platform modules already initialized, skipping
Refreshing native plugins compatible for Editor in 0.51 ms, found 1 plugins.
Preloading 0 native plugins for Editor in 0.00 ms.
Unloading 1785 Unused Serialized files (Serialized files now loaded: 0)
System memory in use before: 84.8 MB.
System memory in use after: 84.8 MB.

Unloading 12 unused Assets to reduce memory usage. Loaded Objects now: 2251.
Total: 2.230300 ms (FindLiveObjects: 0.259600 ms CreateObjectMapping: 0.091100 ms MarkObjects: 1.753600 ms  DeleteObjects: 0.124900 ms)

========================================================================
Received Import Request.
  Time since last request: 109.725383 seconds.
  path: Assets/1.txt
  artifactKey: Guid(03c943a9a02218b47a96ce0b85b14a4d) Importer(815301076,1909f56bfc062723c751e8b465ee728b)
Start importing Assets/1.txt using Guid(03c943a9a02218b47a96ce0b85b14a4d) Importer(815301076,1909f56bfc062723c751e8b465ee728b)  -> (artifact id: 'dd0295a546ef23a19cf0d5d3a67dad5e') in 0.018033 seconds
  Import took 0.028879 seconds .

========================================================================
Received Prepare
Registering precompiled user dll's ...
Registered in 0.001204 seconds.
Begin MonoManager ReloadAssembly
Native extension for WindowsStandalone target not found
Refreshing native plugins compatible for Editor in 0.34 ms, found 1 plugins.
Preloading 0 native plugins for Editor in 0.00 ms.
Invoked RoslynAnalysisRunner static constructor.
RoslynAnalysisRunner will not be running.
RoslynAnalysisRunner has terminated.
Mono: successfully reloaded assembly
- Completed reload, in  1.089 seconds
Platform modules already initialized, skipping
Refreshing native plugins compatible for Editor in 0.56 ms, found 1 plugins.
Preloading 0 native plugins for Editor in 0.00 ms.
Unloading 1785 Unused Serialized files (Serialized files now loaded: 0)
System memory in use before: 84.9 MB.
System memory in use after: 84.9 MB.

Unloading 12 unused Assets to reduce memory usage. Loaded Objects now: 2254.
Total: 3.063300 ms (FindLiveObjects: 0.346300 ms CreateObjectMapping: 0.125900 ms MarkObjects: 2.459400 ms  DeleteObjects: 0.129700 ms)

========================================================================
Received Import Request.
  Time since last request: 30.519316 seconds.
  path: Assets/PartyIndicesAndNames.txt
  artifactKey: Guid(0ab717c9bbcef5d45b6b8a6df375ff37) Importer(815301076,1909f56bfc062723c751e8b465ee728b)
Start importing Assets/PartyIndicesAndNames.txt using Guid(0ab717c9bbcef5d45b6b8a6df375ff37) Importer(815301076,1909f56bfc062723c751e8b465ee728b)  -> (artifact id: '51d30637314051fb1a5e92096c2c799b') in 0.026722 seconds
  Import took 0.030751 seconds .

========================================================================
Received Import Request.
  Time since last request: 0.000766 seconds.
  path: Assets/PartyIndicesAndNames.txt
  artifactKey: Guid(0ab717c9bbcef5d45b6b8a6df375ff37) Importer(815301076,1909f56bfc062723c751e8b465ee728b)
Start importing Assets/PartyIndicesAndNames.txt using Guid(0ab717c9bbcef5d45b6b8a6df375ff37) Importer(815301076,1909f56bfc062723c751e8b465ee728b)  -> (artifact id: '51d30637314051fb1a5e92096c2c799b') in 0.008474 seconds
  Import took 0.011976 seconds .

========================================================================
Received Import Request.
  Time since last request: 51.284020 seconds.
  path: Assets/1.txt
  artifactKey: Guid(03c943a9a02218b47a96ce0b85b14a4d) Importer(815301076,1909f56bfc062723c751e8b465ee728b)
Start importing Assets/1.txt using Guid(03c943a9a02218b47a96ce0b85b14a4d) Importer(815301076,1909f56bfc062723c751e8b465ee728b)  -> (artifact id: '0ba99c995c1cc8ae6dd1c9979b5a02ec') in 0.008590 seconds
  Import took 0.012304 seconds .

========================================================================
Received Import Request.
  Time since last request: 0.000570 seconds.
  path: Assets/1.txt
  artifactKey: Guid(03c943a9a02218b47a96ce0b85b14a4d) Importer(815301076,1909f56bfc062723c751e8b465ee728b)
Start importing Assets/1.txt using Guid(03c943a9a02218b47a96ce0b85b14a4d) Importer(815301076,1909f56bfc062723c751e8b465ee728b)  -> (artifact id: '0ba99c995c1cc8ae6dd1c9979b5a02ec') in 0.011315 seconds
  Import took 0.015386 seconds .

========================================================================
Received Prepare
Registering precompiled user dll's ...
Registered in 0.001188 seconds.
Begin MonoManager ReloadAssembly
Native extension for WindowsStandalone target not found
Refreshing native plugins compatible for Editor in 0.32 ms, found 1 plugins.
Preloading 0 native plugins for Editor in 0.00 ms.
Invoked RoslynAnalysisRunner static constructor.
RoslynAnalysisRunner will not be running.
RoslynAnalysisRunner has terminated.
Mono: successfully reloaded assembly
- Completed reload, in  0.881 seconds
Platform modules already initialized, skipping
Refreshing native plugins compatible for Editor in 0.36 ms, found 1 plugins.
Preloading 0 native plugins for Editor in 0.00 ms.
Unloading 1785 Unused Serialized files (Serialized files now loaded: 0)
System memory in use before: 85.0 MB.
System memory in use after: 85.0 MB.

Unloading 12 unused Assets to reduce memory usage. Loaded Objects now: 2257.
Total: 2.614700 ms (FindLiveObjects: 0.182500 ms CreateObjectMapping: 0.069600 ms MarkObjects: 2.180500 ms  DeleteObjects: 0.181000 ms)

========================================================================
Received Prepare
Registering precompiled user dll's ...
Registered in 0.001244 seconds.
Begin MonoManager ReloadAssembly
Native extension for WindowsStandalone target not found
Refreshing native plugins compatible for Editor in 0.37 ms, found 1 plugins.
Preloading 0 native plugins for Editor in 0.00 ms.
Invoked RoslynAnalysisRunner static constructor.
RoslynAnalysisRunner will not be running.
RoslynAnalysisRunner has terminated.
Mono: successfully reloaded assembly
- Completed reload, in  0.873 seconds
Platform modules already initialized, skipping
Refreshing native plugins compatible for Editor in 0.33 ms, found 1 plugins.
Preloading 0 native plugins for Editor in 0.00 ms.
Unloading 1785 Unused Serialized files (Serialized files now loaded: 0)
System memory in use before: 85.0 MB.
System memory in use after: 85.0 MB.

Unloading 12 unused Assets to reduce memory usage. Loaded Objects now: 2260.
Total: 2.151700 ms (FindLiveObjects: 0.239600 ms CreateObjectMapping: 0.091700 ms MarkObjects: 1.689800 ms  DeleteObjects: 0.128500 ms)

========================================================================
Received Prepare
Registering precompiled user dll's ...
Registered in 0.001282 seconds.
Begin MonoManager ReloadAssembly
Native extension for WindowsStandalone target not found
Refreshing native plugins compatible for Editor in 0.37 ms, found 1 plugins.
Preloading 0 native plugins for Editor in 0.00 ms.
Invoked RoslynAnalysisRunner static constructor.
RoslynAnalysisRunner will not be running.
RoslynAnalysisRunner has terminated.
Mono: successfully reloaded assembly
- Completed reload, in  1.135 seconds
Platform modules already initialized, skipping
Refreshing native plugins compatible for Editor in 0.85 ms, found 1 plugins.
Preloading 0 native plugins for Editor in 0.00 ms.
Unloading 1785 Unused Serialized files (Serialized files now loaded: 0)
System memory in use before: 85.1 MB.
System memory in use after: 85.1 MB.

Unloading 12 unused Assets to reduce memory usage. Loaded Objects now: 2263.
Total: 4.555100 ms (FindLiveObjects: 0.568900 ms CreateObjectMapping: 0.166300 ms MarkObjects: 3.569700 ms  DeleteObjects: 0.248200 ms)

========================================================================
Received Import Request.
  Time since last request: 580.304189 seconds.
  path: Assets/1.txt
  artifactKey: Guid(03c943a9a02218b47a96ce0b85b14a4d) Importer(815301076,1909f56bfc062723c751e8b465ee728b)
Start importing Assets/1.txt using Guid(03c943a9a02218b47a96ce0b85b14a4d) Importer(815301076,1909f56bfc062723c751e8b465ee728b)  -> (artifact id: '2908ca5e727327fc2e2329b5d992159d') in 0.019829 seconds
  Import took 0.036979 seconds .

========================================================================
Received Prepare
Registering precompiled user dll's ...
Registered in 0.001578 seconds.
Begin MonoManager ReloadAssembly
Native extension for WindowsStandalone target not found
Refreshing native plugins compatible for Editor in 0.38 ms, found 1 plugins.
Preloading 0 native plugins for Editor in 0.00 ms.
Invoked RoslynAnalysisRunner static constructor.
RoslynAnalysisRunner will not be running.
RoslynAnalysisRunner has terminated.
Mono: successfully reloaded assembly
- Completed reload, in  1.196 seconds
Platform modules already initialized, skipping
Refreshing native plugins compatible for Editor in 0.38 ms, found 1 plugins.
Preloading 0 native plugins for Editor in 0.00 ms.
Unloading 1785 Unused Serialized files (Serialized files now loaded: 0)
System memory in use before: 85.2 MB.
System memory in use after: 85.2 MB.

Unloading 12 unused Assets to reduce memory usage. Loaded Objects now: 2266.
Total: 3.286700 ms (FindLiveObjects: 0.398400 ms CreateObjectMapping: 0.162900 ms MarkObjects: 2.613600 ms  DeleteObjects: 0.109900 ms)

========================================================================
Received Import Request.
  Time since last request: 155.385155 seconds.
  path: Assets/PartyIndicesAndNames.txt
  artifactKey: Guid(0ab717c9bbcef5d45b6b8a6df375ff37) Importer(815301076,1909f56bfc062723c751e8b465ee728b)
Start importing Assets/PartyIndicesAndNames.txt using Guid(0ab717c9bbcef5d45b6b8a6df375ff37) Importer(815301076,1909f56bfc062723c751e8b465ee728b)  -> (artifact id: 'a898de4fe132105e712b3ee09c06fbc6') in 0.019478 seconds
  Import took 0.023564 seconds .

AssetImportWorkerClient::OnTransportError - code=2 error=End of file
